<?xml version="1.0" encoding="UTF-8"?>
<!-- Generated by org.testng.reporters.JUnitReportReporter -->
<testsuite hostname="DESKTOP-S2I7VH9" failures="0" tests="1" name="src.SettingSizeOfBrowserWindow" time="14.200" errors="0" timestamp="2021-03-05T08:20:40 IST" skipped="0">
  <testcase classname="src.SettingSizeOfBrowserWindow" name="test_1" time="14.200"/>
  <system-out/>
</testsuite> <!-- src.SettingSizeOfBrowserWindow -->
