<?xml version="1.0" encoding="UTF-8"?>
<!-- Generated by org.testng.reporters.JUnitReportReporter -->
<testsuite hostname="DESKTOP-S2I7VH9" failures="0" tests="1" name="src.ScrollingWebPage" time="18.840" errors="0" timestamp="2021-03-05T16:37:33 IST" skipped="0">
  <testcase classname="src.ScrollingWebPage" name="test_1" time="18.840"/>
  <system-out/>
</testsuite> <!-- src.ScrollingWebPage -->
