<?xml version="1.0" encoding="UTF-8"?>
<!-- Generated by org.testng.reporters.JUnitReportReporter -->
<testsuite hostname="DESKTOP-S2I7VH9" failures="0" tests="1" name="src.WindowPopupHandling" time="26.987" errors="0" timestamp="2021-03-05T16:33:32 IST" skipped="0">
  <testcase classname="src.WindowPopupHandling" name="test_1" time="26.987"/>
  <system-out/>
</testsuite> <!-- src.WindowPopupHandling -->
