<?xml version="1.0" encoding="UTF-8"?>
<!-- Generated by org.testng.reporters.JUnitReportReporter -->
<testsuite hostname="DESKTOP-S2I7VH9" failures="0" tests="1" name="src.ExtentReport" time="1.114" errors="0" timestamp="2021-03-04T17:00:08 IST" skipped="0">
  <testcase classname="src.ExtentReport" name="test_1" time="1.114"/>
  <system-out/>
</testsuite> <!-- src.ExtentReport -->
