<?xml version="1.0" encoding="UTF-8"?>
<!-- Generated by org.testng.reporters.JUnitReportReporter -->
<testsuite hostname="DESKTOP-S2I7VH9" failures="0" tests="1" name="src.DragAndDropOperation" time="13.614" errors="0" timestamp="2021-03-05T16:30:01 IST" skipped="0">
  <testcase classname="src.DragAndDropOperation" name="test_1" time="13.614"/>
  <system-out/>
</testsuite> <!-- src.DragAndDropOperation -->
