<?xml version="1.0" encoding="UTF-8"?>
<!-- Generated by org.testng.reporters.JUnitReportReporter -->
<testsuite hostname="DESKTOP-S2I7VH9" failures="0" tests="1" name="src.BrokenLinks" time="138.409" errors="0" timestamp="2021-03-07T16:42:26 IST" skipped="0">
  <testcase classname="src.BrokenLinks" name="test_1" time="138.409"/>
  <system-out/>
</testsuite> <!-- src.BrokenLinks -->
