<?xml version="1.0" encoding="UTF-8"?>
<!-- Generated by org.testng.reporters.JUnitReportReporter -->
<testsuite hostname="DESKTOP-S2I7VH9" failures="0" tests="3" name="src.DataproviderAssignment" time="9.765" errors="0" timestamp="2021-03-05T08:11:01 IST" skipped="0">
  <testcase classname="src.DataproviderAssignment" name="testMethod" time="3.349"/>
  <system-out/>
  <testcase classname="src.DataproviderAssignment" name="testMethod" time="3.252"/>
  <system-out/>
  <testcase classname="src.DataproviderAssignment" name="testMethod" time="3.164"/>
  <system-out/>
</testsuite> <!-- src.DataproviderAssignment -->
