<?xml version="1.0" encoding="UTF-8"?>
<!-- Generated by org.testng.reporters.JUnitReportReporter -->
<testsuite hostname="DESKTOP-S2I7VH9" failures="0" tests="1" name="src.ReadDataFromConfig" time="12.679" errors="0" timestamp="2021-03-05T16:44:40 IST" skipped="0">
  <testcase classname="src.ReadDataFromConfig" name="test_1" time="12.679"/>
  <system-out/>
</testsuite> <!-- src.ReadDataFromConfig -->
