<?xml version="1.0" encoding="UTF-8"?>
<!-- Generated by org.testng.reporters.JUnitReportReporter -->
<testsuite hostname="DESKTOP-S2I7VH9" failures="0" tests="1" name="src.SendTextWithoutSendKey" time="16.513" errors="0" timestamp="2021-03-05T08:18:48 IST" skipped="0">
  <testcase classname="src.SendTextWithoutSendKey" name="test1" time="16.513"/>
  <system-out/>
</testsuite> <!-- src.SendTextWithoutSendKey -->
