<?xml version="1.0" encoding="UTF-8"?>
<!-- Generated by org.testng.reporters.JUnitReportReporter -->
<testsuite hostname="DESKTOP-S2I7VH9" failures="0" tests="1" name="src.Assign_4_5_VerifyPin" time="24.135" errors="0" timestamp="2021-03-07T16:42:26 IST" skipped="0">
  <testcase classname="src.Assign_4_5_VerifyPin" name="name" time="24.135"/>
  <system-out/>
</testsuite> <!-- src.Assign_4_5_VerifyPin -->
