<?xml version="1.0" encoding="UTF-8"?>
<!-- Generated by org.testng.reporters.JUnitReportReporter -->
<testsuite hostname="DESKTOP-S2I7VH9" failures="0" tests="1" name="src.GoogleSearchWebPage" time="15.458" errors="0" timestamp="2021-03-05T16:35:45 IST" skipped="0">
  <testcase classname="src.GoogleSearchWebPage" name="name" time="15.458"/>
  <system-out/>
</testsuite> <!-- src.GoogleSearchWebPage -->
