<?xml version="1.0" encoding="UTF-8"?>
<!-- Generated by org.testng.reporters.JUnitReportReporter -->
<testsuite hostname="DESKTOP-S2I7VH9" failures="0" tests="3" name="src.DataproviderAssignment" time="10.041" errors="0" timestamp="2021-03-07T16:42:26 IST" skipped="0">
  <testcase classname="src.DataproviderAssignment" name="testMethod" time="3.327"/>
  <system-out/>
  <testcase classname="src.DataproviderAssignment" name="testMethod" time="3.421"/>
  <system-out/>
  <testcase classname="src.DataproviderAssignment" name="testMethod" time="3.293"/>
  <system-out/>
</testsuite> <!-- src.DataproviderAssignment -->
