<?xml version="1.0" encoding="UTF-8"?>
<!-- Generated by org.testng.reporters.JUnitReportReporter -->
<testsuite hostname="DESKTOP-S2I7VH9" failures="0" tests="1" name="src.WindowPopupHandling" time="28.045" errors="0" timestamp="2021-03-04T14:18:58 IST" skipped="0">
  <testcase classname="src.WindowPopupHandling" name="test_1" time="28.045"/>
  <system-out/>
</testsuite> <!-- src.WindowPopupHandling -->
