<?xml version="1.0" encoding="UTF-8"?>
<!-- Generated by org.testng.reporters.JUnitReportReporter -->
<testsuite hostname="DESKTOP-S2I7VH9" failures="0" tests="1" name="src.BootstrapDropdown" time="48.235" errors="0" timestamp="2021-03-07T16:42:26 IST" skipped="0">
  <testcase classname="src.BootstrapDropdown" name="test_1" time="48.235"/>
  <system-out>
The browser window is maximized The browser window is opened clicked for sign in slept for 5 sec browser is closed  </system-out>
</testsuite> <!-- src.BootstrapDropdown -->
