<?xml version="1.0" encoding="UTF-8"?>
<!-- Generated by org.testng.reporters.JUnitReportReporter -->
<testsuite hostname="DESKTOP-S2I7VH9" failures="0" tests="1" name="src.BrokenLinks" time="132.402" errors="0" timestamp="2021-03-05T16:47:36 IST" skipped="0">
  <testcase classname="src.BrokenLinks" name="test_1" time="132.402"/>
  <system-out/>
</testsuite> <!-- src.BrokenLinks -->
