<?xml version="1.0" encoding="UTF-8"?>
<!-- Generated by org.testng.reporters.JUnitReportReporter -->
<testsuite hostname="DESKTOP-S2I7VH9" failures="0" tests="1" name="src.ScrollingWebPage" time="19.006" errors="0" timestamp="2021-03-07T16:42:26 IST" skipped="0">
  <testcase classname="src.ScrollingWebPage" name="test_1" time="19.006"/>
  <system-out/>
</testsuite> <!-- src.ScrollingWebPage -->
