<?xml version="1.0" encoding="UTF-8"?>
<!-- Generated by org.testng.reporters.JUnitReportReporter -->
<testsuite hostname="DESKTOP-S2I7VH9" failures="0" tests="1" name="src.BrokenLinks" time="141.724" errors="0" timestamp="2021-03-05T08:29:42 IST" skipped="0">
  <testcase classname="src.BrokenLinks" name="test_1" time="141.724"/>
  <system-out/>
</testsuite> <!-- src.BrokenLinks -->
