<?xml version="1.0" encoding="UTF-8"?>
<!-- Generated by org.testng.reporters.JUnitReportReporter -->
<testsuite hostname="DESKTOP-S2I7VH9" failures="0" tests="1" name="src.Assign_4_5_VerifyPin" time="26.145" errors="0" timestamp="2021-03-05T12:55:24 IST" skipped="0">
  <testcase classname="src.Assign_4_5_VerifyPin" name="name" time="26.145"/>
  <system-out/>
</testsuite> <!-- src.Assign_4_5_VerifyPin -->
