<?xml version="1.0" encoding="UTF-8"?>
<!-- Generated by org.testng.reporters.JUnitReportReporter -->
<testsuite hostname="DESKTOP-S2I7VH9" failures="0" tests="1" name="src.Assignment_4_2" time="39.911" errors="0" timestamp="2021-03-07T16:42:26 IST" skipped="0">
  <testcase classname="src.Assignment_4_2" name="test_1" time="39.911"/>
  <system-out/>
</testsuite> <!-- src.Assignment_4_2 -->
