<?xml version="1.0" encoding="UTF-8"?>
<!-- Generated by org.testng.reporters.JUnitReportReporter -->
<testsuite hostname="DESKTOP-S2I7VH9" failures="0" tests="1" name="src.ScrollingWebPage" time="19.555" errors="0" timestamp="2021-03-05T08:17:58 IST" skipped="0">
  <testcase classname="src.ScrollingWebPage" name="test_1" time="19.555"/>
  <system-out/>
</testsuite> <!-- src.ScrollingWebPage -->
