<?xml version="1.0" encoding="UTF-8"?>
<!-- Generated by org.testng.reporters.JUnitReportReporter -->
<testsuite hostname="DESKTOP-S2I7VH9" failures="0" tests="1" name="src.WindowPopupHandling" time="34.447" errors="0" timestamp="2021-03-08T13:13:46 IST" skipped="0">
  <testcase classname="src.WindowPopupHandling" name="test_1" time="34.447"/>
  <system-out/>
</testsuite> <!-- src.WindowPopupHandling -->
